生成启动时间为 29/07/2017 19:45:15。
     1>项目“F:\QEMini\QEMini\QEMini.vcxproj”在节点 2 上(build 个目标)。
     1>InitializeBuildStatus:
         正在对“Debug\QEMini.unsuccessfulbuild”执行 Touch 任务。
       CustomBuild:
         所有输出均为最新。
       ClCompile:
         所有输出均为最新。
         C:\Program Files (x86)\Microsoft Visual Studio 10.0\VC\bin\CL.exe /c /I..\include\sqlite /I. /Iextend.skins /Iextend.events /Iextend.ctrls /ID:\ProjectCode\SOUI\config /ID:\ProjectCode\SOUI\components /ID:\ProjectCode\SOUI\SOUI\include /ID:\ProjectCode\SOUI\SOUI\include\layout /ID:\ProjectCode\SOUI\controls.extend /ID:\ProjectCode\SOUI\utilities\include /ZI /nologo /W3 /WX- /Od /Oy- /D WIN32 /D _WINDOWS /D STRICT /D _DEBUG /D _UNICODE /D UNICODE /Gm /EHsc /MDd /GS /fp:precise /Zc:wchar_t /Zc:forScope /Yu"StdAfx.h" /Fp"Debug\QEMini.pch" /Fo"Debug\\" /Fd"Debug\vc100.pdb" /FR"Debug\\" /Gd /TP /analyze- /errorReport:prompt IMSocket.cpp LoginDlg.cpp MainDlg.cpp QEMini.cpp UserInfo.cpp
         UserInfo.cpp
         QEMini.cpp
     1>c:\program files (x86)\microsoft visual studio 10.0\vc\atlmfc\include\atltrace.h(510): warning C4005: “ATLTRACENOTIMPL”: 宏重定义
                 d:\projectcode\soui\utilities\include\atl.mini\atldef.h(12) : 参见“ATLTRACENOTIMPL”的前一个定义
         MainDlg.cpp
     1>c:\program files (x86)\microsoft visual studio 10.0\vc\atlmfc\include\atltrace.h(510): warning C4005: “ATLTRACENOTIMPL”: 宏重定义
                 d:\projectcode\soui\utilities\include\atl.mini\atldef.h(12) : 参见“ATLTRACENOTIMPL”的前一个定义
     1>f:\qemini\qemini\maindlg.cpp(157): warning C4018: “<”: 有符号/无符号不匹配
         IMSocket.cpp
     1>c:\program files (x86)\microsoft visual studio 10.0\vc\atlmfc\include\atltrace.h(510): warning C4005: “ATLTRACENOTIMPL”: 宏重定义
                 d:\projectcode\soui\utilities\include\atl.mini\atldef.h(12) : 参见“ATLTRACENOTIMPL”的前一个定义
         正在生成代码...
         正在编译...
         LoginDlg.cpp
     1>c:\program files (x86)\microsoft visual studio 10.0\vc\atlmfc\include\atltrace.h(510): warning C4005: “ATLTRACENOTIMPL”: 宏重定义
                 d:\projectcode\soui\utilities\include\atl.mini\atldef.h(12) : 参见“ATLTRACENOTIMPL”的前一个定义
         正在生成代码...
       ResourceCompile:
         所有输出均为最新。
       ManifestResourceCompile:
         所有输出均为最新。
       Link:
         C:\Program Files (x86)\Microsoft Visual Studio 10.0\VC\bin\link.exe /ERRORREPORT:PROMPT /OUT:"F:\QEMini\Debug\QEMini.exe" /INCREMENTAL /NOLOGO /LIBPATH:..\lib /LIBPATH:D:\ProjectCode\SOUI\bin utilitiesd.lib souid.lib imm32.lib kernel32.lib user32.lib gdi32.lib winspool.lib comdlg32.lib advapi32.lib shell32.lib ole32.lib oleaut32.lib uuid.lib odbc32.lib odbccp32.lib /MANIFEST /ManifestFile:"Debug\QEMini.exe.intermediate.manifest" /MANIFESTUAC:"level='asInvoker' uiAccess='false'" /DEBUG /PDB:"F:\QEMini\Debug\QEMini.pdb" /SUBSYSTEM:WINDOWS /TLBID:1 /DYNAMICBASE /NXCOMPAT /IMPLIB:"F:\QEMini\Debug\QEMini.lib" /MACHINE:X86 Debug\QEMini.res
         Debug\QEMini.exe.embed.manifest.res
         Debug\AES.obj
         Debug\ExtendCtrls.obj
         Debug\GSSkin.obj
         Debug\GSTabCtrl.obj
         Debug\ClipboardConverter.obj
         Debug\dataobject.obj
         Debug\HTMLParser.obj
         Debug\HTTPDownloader.obj
         Debug\ImgProvider.obj
         Debug\RichEditObj.obj
         Debug\RichEditObjFactory.obj
         Debug\RichEditOleBase.obj
         Debug\RichEditOleCallback.obj
         Debug\RichEditOleCtrls.obj
         Debug\RichEditUnitConverter.obj
         Debug\SImRichedit.obj
         Debug\SButtonEx.obj
         Debug\SImageMaskWnd.obj
         Debug\SImageView.obj
         Debug\SListboxex.obj
         Debug\SplitBar.obj
         Debug\STabCtrl2.obj
         Debug\ExtendSkins.obj
         Debug\SAntialiasSkin.obj
         Debug\hisqlite.obj
         Debug\HttpInterface.obj
         Debug\IMCmdPacket.obj
         Debug\IMLocalDb.obj
         Debug\IMSocket.obj
         Debug\LoginDlg.obj
         Debug\MainDlg.obj
         Debug\MenuWrapper.obj
         Debug\QEMini.obj
         Debug\SetupDlg.obj
         Debug\stdafx.obj
         Debug\SShellNotifyIcon.obj
         Debug\UserInfo.obj
         Debug\utils.obj
         Debug\WHRoundRectFrameHelper.obj
       Manifest:
         C:\Program Files (x86)\Microsoft SDKs\Windows\v7.0A\bin\mt.exe /nologo /verbose /out:"Debug\QEMini.exe.embed.manifest" /manifest Debug\QEMini.exe.intermediate.manifest
         所有输出均为最新。
       LinkEmbedManifest:
         所有输出均为最新。
         QEMini.vcxproj -> F:\QEMini\Debug\QEMini.exe
       BscMake:
         所有输出均为最新。
       FinalizeBuildStatus:
         正在删除文件“Debug\QEMini.unsuccessfulbuild”。
         正在对“Debug\QEMini.lastbuildstate”执行 Touch 任务。
     1>已完成生成项目“F:\QEMini\QEMini\QEMini.vcxproj”(build 个目标)的操作。

生成成功。

已用时间 00:00:04.64
